Arguments: 
  C:\Program Files\nodejs\node.exe C:\Program Files (x86)\Yarn\bin\yarn.js add @material-ui/core

PATH: 
  C:\Program Files (x86)\Common Files\Oracle\Java\javapath;C:\app\NinaL\product\11.2.0\client_1\bin;C:\app\client\oracleclient_12\product\12.1.0\client_1\bin;C:\Windows\system32;C:\Windows;C:\Windows\System32\Wbem;C:\Windows\System32\WindowsPowerShell\v1.0\;C:\Windows\System32\OpenSSH\;C:\Program Files\dotnet\;C:\Program Files\Microsoft SQL Server\130\Tools\Binn\;C:\Program Files (x86)\dotnet\;C:\Program Files\Microsoft SQL Server\Client SDK\ODBC\170\Tools\Binn\;C:\Program Files (x86)\Microsoft SQL Server\150\DTS\Binn\;C:\Program Files\Java\jre1.8.0_241\bin;C:\Program Files\Microsoft SQL Server\Client SDK\ODBC\130\Tools\Binn\;C:\Program Files (x86)\Microsoft SQL Server\130\Tools\Binn\;C:\Program Files\Microsoft SQL Server\130\DTS\Binn\;C:\Program Files\Git\cmd;C:\Program Files\nodejs\;C:\Program Files\Docker\Docker\resources\bin;C:\ProgramData\DockerDesktop\version-bin;C:\Program Files\PuTTY\;C:\OpenSSL-Win64\bin;C:\Program Files (x86)\Yarn\bin\;C:\Users\AlekseiP\AppData\Local\Microsoft\WindowsApps;C:\Users\AlekseiP\AppData\Local\Programs\Microsoft VS Code\bin;C:\Program Files\Java\jre1.8.0_241\bin;C:\Users\AlekseiP\.dotnet\tools;C:\Users\AlekseiP\AppData\Roaming\npm;C:\Users\AlekseiP\AppData\Local\Yarn\bin

Yarn version: 
  1.22.4

Node version: 
  12.16.1

Platform: 
  win32 x64

Trace: 
  Error: unable to verify the first certificate
      at TLSSocket.onConnectSecure (_tls_wrap.js:1473:34)
      at TLSSocket.emit (events.js:311:20)
      at TLSSocket._finishInit (_tls_wrap.js:916:8)
      at TLSWrap.ssl.onhandshakedone (_tls_wrap.js:686:12)

npm manifest: 
  {
    "name": "nano-react-app-template",
    "version": "0.1.0",
    "description": "Hard to get more minimal than this React app",
    "scripts": {
      "start": "parcel index.html",
      "build": "parcel build index.html"
    },
    "license": "MIT",
    "dependencies": {
      "react": "^16.13.0",
      "react-dom": "^16.13.0"
    },
    "devDependencies": {
      "@babel/core": "^7.8.7",
      "babel-preset-nano-react-app": "^0.1.0",
      "parcel-bundler": "^1.12.4"
    },
    "babel": {
      "presets": [
        "nano-react-app"
      ],
      "plugins": [
        [
          "@babel/plugin-proposal-class-properties",
          {
            "loose": true
          }
        ],
        [
          "@babel/plugin-transform-react-jsx",
          {
            "pragmaFrag": "React.Fragment"
          }
        ]
      ]
    }
  }

yarn manifest: 
  No manifest

Lockfile: 
  No lockfile
